d:\visualstudioprojects\repos\pgrproject\pgrproject\x64\debug\vc143.pdb
d:\visualstudioprojects\repos\pgrproject\pgrproject\x64\debug\vc143.idb
d:\visualstudioprojects\repos\pgrproject\pgrproject\x64\debug\shaderprogram.obj
d:\visualstudioprojects\repos\pgrproject\pgrproject\x64\debug\shader.obj
d:\visualstudioprojects\repos\pgrproject\pgrproject\x64\debug\scenemanager.obj
d:\visualstudioprojects\repos\pgrproject\pgrproject\x64\debug\mesh.obj
d:\visualstudioprojects\repos\pgrproject\pgrproject\x64\debug\model.obj
d:\visualstudioprojects\repos\pgrproject\pgrproject\x64\debug\scene.obj
d:\visualstudioprojects\repos\pgrproject\pgrproject\x64\debug\scenemodelbuilder.obj
d:\visualstudioprojects\repos\pgrproject\pgrproject\x64\debug\isubject.obj
d:\visualstudioprojects\repos\pgrproject\pgrproject\x64\debug\iobserver.obj
d:\visualstudioprojects\repos\pgrproject\pgrproject\x64\debug\camera.obj
d:\visualstudioprojects\repos\pgrproject\pgrproject\x64\debug\input.obj
d:\visualstudioprojects\repos\pgrproject\pgrproject\x64\debug\fourspheres.obj
d:\visualstudioprojects\repos\pgrproject\pgrproject\x64\debug\forestgenerator.obj
d:\visualstudioprojects\repos\pgrproject\pgrproject\x64\debug\camerastate.obj
d:\visualstudioprojects\repos\pgrproject\pgrproject\x64\debug\arcadescene.obj
d:\visualstudioprojects\repos\pgrproject\pgrproject\x64\debug\renderer.obj
d:\visualstudioprojects\repos\pgrproject\pgrproject\x64\debug\modelfactory.obj
d:\visualstudioprojects\repos\pgrproject\pgrproject\x64\debug\material.obj
d:\visualstudioprojects\repos\pgrproject\pgrproject\x64\debug\formulascene.obj
d:\visualstudioprojects\repos\pgrproject\pgrproject\x64\debug\texture.obj
d:\visualstudioprojects\repos\pgrproject\pgrproject\x64\debug\objloader.obj
d:\visualstudioprojects\repos\pgrproject\pgrproject\x64\debug\window.obj
d:\visualstudioprojects\repos\pgrproject\pgrproject\x64\debug\tiny_obj_loader.obj
d:\visualstudioprojects\repos\pgrproject\pgrproject\x64\debug\testtriangle.obj
d:\visualstudioprojects\repos\pgrproject\pgrproject\x64\debug\solarsystemscene.obj
d:\visualstudioprojects\repos\pgrproject\pgrproject\x64\debug\skyboxmesh.obj
d:\visualstudioprojects\repos\pgrproject\pgrproject\x64\debug\pgrproject.obj
d:\visualstudioprojects\repos\pgrproject\pgrproject\x64\debug\application.obj
d:\visualstudioprojects\repos\pgrproject\x64\debug\pgrproject.exe
d:\visualstudioprojects\repos\pgrproject\x64\debug\pgrproject.pdb
d:\visualstudioprojects\repos\pgrproject\pgrproject\x64\debug\pgrproject.ilk
d:\visualstudioprojects\repos\pgrproject\pgrproject\x64\debug\pgrproject.tlog\cl.command.1.tlog
d:\visualstudioprojects\repos\pgrproject\pgrproject\x64\debug\pgrproject.tlog\cl.items.tlog
d:\visualstudioprojects\repos\pgrproject\pgrproject\x64\debug\pgrproject.tlog\cl.read.1.tlog
d:\visualstudioprojects\repos\pgrproject\pgrproject\x64\debug\pgrproject.tlog\cl.write.1.tlog
d:\visualstudioprojects\repos\pgrproject\pgrproject\x64\debug\pgrproject.tlog\link.command.1.tlog
d:\visualstudioprojects\repos\pgrproject\pgrproject\x64\debug\pgrproject.tlog\link.read.1.tlog
d:\visualstudioprojects\repos\pgrproject\pgrproject\x64\debug\pgrproject.tlog\link.secondary.1.tlog
d:\visualstudioprojects\repos\pgrproject\pgrproject\x64\debug\pgrproject.tlog\link.write.1.tlog
